<?xml version="1.0" encoding="UTF-8"?>
<!-- Generated by org.testng.reporters.JUnitReportReporter -->
<testsuite hostname="LAPTOP-MTN9L9NC" failures="0" tests="1" name="com.ReqresRequest.PostRequest" time="5.764" errors="0" timestamp="2025-10-16T23:19:19 IST" skipped="0">
  <testcase classname="com.ReqresRequest.PostRequest" name="postdatawithCalls" time="5.764"/>
</testsuite> <!-- com.ReqresRequest.PostRequest -->
