<?xml version="1.0" encoding="UTF-8"?>
<!-- Generated by org.testng.reporters.JUnitReportReporter -->
<testsuite hostname="LAPTOP-MTN9L9NC" failures="0" tests="3" name="com.ReqresRequest.GetRequest" time="2.129" errors="0" timestamp="2025-09-26T13:37:49 IST" skipped="0">
  <testcase classname="com.ReqresRequest.GetRequest" name="getDataOfFirstPage" time="0.095"/>
  <testcase classname="com.ReqresRequest.GetRequest" name="getDataOfFifthPage" time="1.948"/>
  <testcase classname="com.ReqresRequest.GetRequest" name="getValidRequest" time="0.086"/>
</testsuite> <!-- com.ReqresRequest.GetRequest -->
