<?xml version="1.0" encoding="UTF-8"?>
<!-- Generated by org.testng.reporters.JUnitReportReporter -->
<testsuite hostname="LAPTOP-MTN9L9NC" failures="0" tests="4" name="com.ReqresRequest.DeleteRequest" time="1.327" errors="0" timestamp="2025-09-26T13:37:49 IST" skipped="0">
  <testcase classname="com.ReqresRequest.DeleteRequest" name="deleteDataWithInvalidURL" time="0.305"/>
  <testcase classname="com.ReqresRequest.DeleteRequest" name="deleteData" time="0.452"/>
  <testcase classname="com.ReqresRequest.DeleteRequest" name="deleteDataWithInvalidKey" time="0.268"/>
  <testcase classname="com.ReqresRequest.DeleteRequest" name="deleteDataWithInvalidMethod" time="0.302"/>
</testsuite> <!-- com.ReqresRequest.DeleteRequest -->
